2024-04-06 22:00:01 [error]: Signup error for email: ahmed.ehsan13@gmail.com Transaction numbers are only allowed on a replica set member or mongos {
  "ok": 0,
  "code": 20,
  "codeName": "IllegalOperation",
  "stack": "MongoServerError: Transaction numbers are only allowed on a replica set member or mongos\n    at Connection.onMessage (/home/lothbrok/Documents/projects/ticketing-system/server/node_modules/mongodb/lib/cmap/connection.js:202:26)\n    at MessageStream.<anonymous> (/home/lothbrok/Documents/projects/ticketing-system/server/node_modules/mongodb/lib/cmap/connection.js:61:60)\n    at MessageStream.emit (node:events:514:28)\n    at processIncomingData (/home/lothbrok/Documents/projects/ticketing-system/server/node_modules/mongodb/lib/cmap/message_stream.js:124:16)\n    at MessageStream._write (/home/lothbrok/Documents/projects/ticketing-system/server/node_modules/mongodb/lib/cmap/message_stream.js:33:9)\n    at writeOrBuffer (node:internal/streams/writable:556:12)\n    at _write (node:internal/streams/writable:490:10)\n    at Writable.write (node:internal/streams/writable:494:10)\n    at Socket.ondata (node:internal/streams/readable:985:22)\n    at Socket.emit (node:events:514:28)"
}
2024-04-07 14:54:13 [error]: Signup error for email: ahmed.ehsan13@gmail.com Transaction numbers are only allowed on a replica set member or mongos {
  "ok": 0,
  "code": 20,
  "codeName": "IllegalOperation",
  "stack": "MongoServerError: Transaction numbers are only allowed on a replica set member or mongos\n    at Connection.onMessage (/home/lothbrok/Documents/projects/ticketing-system/server/node_modules/mongodb/lib/cmap/connection.js:202:26)\n    at MessageStream.<anonymous> (/home/lothbrok/Documents/projects/ticketing-system/server/node_modules/mongodb/lib/cmap/connection.js:61:60)\n    at MessageStream.emit (node:events:514:28)\n    at processIncomingData (/home/lothbrok/Documents/projects/ticketing-system/server/node_modules/mongodb/lib/cmap/message_stream.js:124:16)\n    at MessageStream._write (/home/lothbrok/Documents/projects/ticketing-system/server/node_modules/mongodb/lib/cmap/message_stream.js:33:9)\n    at writeOrBuffer (node:internal/streams/writable:556:12)\n    at _write (node:internal/streams/writable:490:10)\n    at Writable.write (node:internal/streams/writable:494:10)\n    at Socket.ondata (node:internal/streams/readable:985:22)\n    at Socket.emit (node:events:514:28)"
}
2024-04-07 14:54:35 [error]: Signup error for email: ahmed.ehsan13@gmail.com Transaction numbers are only allowed on a replica set member or mongos {
  "ok": 0,
  "code": 20,
  "codeName": "IllegalOperation",
  "stack": "MongoServerError: Transaction numbers are only allowed on a replica set member or mongos\n    at Connection.onMessage (/home/lothbrok/Documents/projects/ticketing-system/server/node_modules/mongodb/lib/cmap/connection.js:202:26)\n    at MessageStream.<anonymous> (/home/lothbrok/Documents/projects/ticketing-system/server/node_modules/mongodb/lib/cmap/connection.js:61:60)\n    at MessageStream.emit (node:events:514:28)\n    at processIncomingData (/home/lothbrok/Documents/projects/ticketing-system/server/node_modules/mongodb/lib/cmap/message_stream.js:124:16)\n    at MessageStream._write (/home/lothbrok/Documents/projects/ticketing-system/server/node_modules/mongodb/lib/cmap/message_stream.js:33:9)\n    at writeOrBuffer (node:internal/streams/writable:556:12)\n    at _write (node:internal/streams/writable:490:10)\n    at Writable.write (node:internal/streams/writable:494:10)\n    at Socket.ondata (node:internal/streams/readable:985:22)\n    at Socket.emit (node:events:514:28)"
}
2024-04-07 14:54:38 [error]: Signup error for email: ahmed.ehsan13@gmail.com Transaction numbers are only allowed on a replica set member or mongos {
  "ok": 0,
  "code": 20,
  "codeName": "IllegalOperation",
  "stack": "MongoServerError: Transaction numbers are only allowed on a replica set member or mongos\n    at Connection.onMessage (/home/lothbrok/Documents/projects/ticketing-system/server/node_modules/mongodb/lib/cmap/connection.js:202:26)\n    at MessageStream.<anonymous> (/home/lothbrok/Documents/projects/ticketing-system/server/node_modules/mongodb/lib/cmap/connection.js:61:60)\n    at MessageStream.emit (node:events:514:28)\n    at processIncomingData (/home/lothbrok/Documents/projects/ticketing-system/server/node_modules/mongodb/lib/cmap/message_stream.js:124:16)\n    at MessageStream._write (/home/lothbrok/Documents/projects/ticketing-system/server/node_modules/mongodb/lib/cmap/message_stream.js:33:9)\n    at writeOrBuffer (node:internal/streams/writable:556:12)\n    at _write (node:internal/streams/writable:490:10)\n    at Writable.write (node:internal/streams/writable:494:10)\n    at Socket.ondata (node:internal/streams/readable:985:22)\n    at Socket.emit (node:events:514:28)"
}
2024-04-07 15:01:58 [error]: Signup error for email: ahmed.ehsan17@gmail.com Transaction numbers are only allowed on a replica set member or mongos {
  "ok": 0,
  "code": 20,
  "codeName": "IllegalOperation",
  "stack": "MongoServerError: Transaction numbers are only allowed on a replica set member or mongos\n    at Connection.onMessage (/home/lothbrok/Documents/projects/ticketing-system/server/node_modules/mongodb/lib/cmap/connection.js:202:26)\n    at MessageStream.<anonymous> (/home/lothbrok/Documents/projects/ticketing-system/server/node_modules/mongodb/lib/cmap/connection.js:61:60)\n    at MessageStream.emit (node:events:514:28)\n    at processIncomingData (/home/lothbrok/Documents/projects/ticketing-system/server/node_modules/mongodb/lib/cmap/message_stream.js:124:16)\n    at MessageStream._write (/home/lothbrok/Documents/projects/ticketing-system/server/node_modules/mongodb/lib/cmap/message_stream.js:33:9)\n    at writeOrBuffer (node:internal/streams/writable:556:12)\n    at _write (node:internal/streams/writable:490:10)\n    at Writable.write (node:internal/streams/writable:494:10)\n    at Socket.ondata (node:internal/streams/readable:985:22)\n    at Socket.emit (node:events:514:28)"
}
2024-04-07 15:06:25 [error]: Signup error for email: ahmed.ehsan18@gmail.com User already exists {
  "stack": "Error: User already exists\n    at signup (file:///home/lothbrok/Documents/projects/ticketing-system/server/controllers/user.js:53:13)\n    at process.processTicksAndRejections (node:internal/process/task_queues:95:5)"
}
2024-04-07 15:07:29 [error]: Signup error for email: ahmed.ehsan20@gmail.com User already exists {
  "stack": "Error: User already exists\n    at signup (file:///home/lothbrok/Documents/projects/ticketing-system/server/controllers/user.js:53:13)\n    at process.processTicksAndRejections (node:internal/process/task_queues:95:5)"
}
2024-04-07 15:35:58 [error]: Signup error for email: ahmed.ehsan21@gmail.com Command find requires authentication {
  "ok": 0,
  "code": 13,
  "codeName": "Unauthorized",
  "$clusterTime": {
    "clusterTime": {
      "$timestamp": "7355056542925717505"
    },
    "signature": {
      "hash": "rwg8pyZ68sbddn4w/UM+yVY4cYA=",
      "keyId": {
        "low": 7,
        "high": 1712482339,
        "unsigned": false
      }
    }
  },
  "operationTime": {
    "$timestamp": "7355056542925717505"
  },
  "stack": "MongoServerError: Command find requires authentication\n    at Connection.onMessage (/home/lothbrok/Documents/projects/ticketing-system/server/node_modules/mongodb/lib/cmap/connection.js:202:26)\n    at MessageStream.<anonymous> (/home/lothbrok/Documents/projects/ticketing-system/server/node_modules/mongodb/lib/cmap/connection.js:61:60)\n    at MessageStream.emit (node:events:514:28)\n    at processIncomingData (/home/lothbrok/Documents/projects/ticketing-system/server/node_modules/mongodb/lib/cmap/message_stream.js:124:16)\n    at MessageStream._write (/home/lothbrok/Documents/projects/ticketing-system/server/node_modules/mongodb/lib/cmap/message_stream.js:33:9)\n    at writeOrBuffer (node:internal/streams/writable:556:12)\n    at _write (node:internal/streams/writable:490:10)\n    at Writable.write (node:internal/streams/writable:494:10)\n    at Socket.ondata (node:internal/streams/readable:985:22)\n    at Socket.emit (node:events:514:28)"
}
2024-04-07 15:39:23 [error]: Signup error for email: ahmed.ehsan21@gmail.com Command find requires authentication {
  "ok": 0,
  "code": 13,
  "codeName": "Unauthorized",
  "$clusterTime": {
    "clusterTime": {
      "$timestamp": "7355057449163816961"
    },
    "signature": {
      "hash": "9Ca60j/Ay0F6sQuNli6I1bfelW4=",
      "keyId": {
        "low": 7,
        "high": 1712482339,
        "unsigned": false
      }
    }
  },
  "operationTime": {
    "$timestamp": "7355057449163816961"
  },
  "stack": "MongoServerError: Command find requires authentication\n    at Connection.onMessage (/home/lothbrok/Documents/projects/ticketing-system/server/node_modules/mongodb/lib/cmap/connection.js:202:26)\n    at MessageStream.<anonymous> (/home/lothbrok/Documents/projects/ticketing-system/server/node_modules/mongodb/lib/cmap/connection.js:61:60)\n    at MessageStream.emit (node:events:514:28)\n    at processIncomingData (/home/lothbrok/Documents/projects/ticketing-system/server/node_modules/mongodb/lib/cmap/message_stream.js:124:16)\n    at MessageStream._write (/home/lothbrok/Documents/projects/ticketing-system/server/node_modules/mongodb/lib/cmap/message_stream.js:33:9)\n    at writeOrBuffer (node:internal/streams/writable:556:12)\n    at _write (node:internal/streams/writable:490:10)\n    at Writable.write (node:internal/streams/writable:494:10)\n    at Socket.ondata (node:internal/streams/readable:985:22)\n    at Socket.emit (node:events:514:28)"
}
2024-04-07 15:44:43 [error]: Signup error for email: ahmed.ehsan21@gmail.com Transaction numbers are only allowed on a replica set member or mongos {
  "ok": 0,
  "code": 20,
  "codeName": "IllegalOperation",
  "stack": "MongoServerError: Transaction numbers are only allowed on a replica set member or mongos\n    at Connection.onMessage (/home/lothbrok/Documents/projects/ticketing-system/server/node_modules/mongodb/lib/cmap/connection.js:202:26)\n    at MessageStream.<anonymous> (/home/lothbrok/Documents/projects/ticketing-system/server/node_modules/mongodb/lib/cmap/connection.js:61:60)\n    at MessageStream.emit (node:events:514:28)\n    at processIncomingData (/home/lothbrok/Documents/projects/ticketing-system/server/node_modules/mongodb/lib/cmap/message_stream.js:124:16)\n    at MessageStream._write (/home/lothbrok/Documents/projects/ticketing-system/server/node_modules/mongodb/lib/cmap/message_stream.js:33:9)\n    at writeOrBuffer (node:internal/streams/writable:556:12)\n    at _write (node:internal/streams/writable:490:10)\n    at Writable.write (node:internal/streams/writable:494:10)\n    at Socket.ondata (node:internal/streams/readable:985:22)\n    at Socket.emit (node:events:514:28)"
}
2024-04-07 15:49:36 [error]: Signup error for email: ahmed.ehsan21@gmail.com Failed to create wallet {
  "stack": "Error: Failed to create wallet\n    at signup (file:///home/lothbrok/Documents/projects/ticketing-system/server/controllers/user.js:71:13)\n    at process.processTicksAndRejections (node:internal/process/task_queues:95:5)"
}
2024-04-07 15:51:48 [error]: Signup error for email: ahmed.ehsan21@gmail.com Failed to create wallet {
  "stack": "Error: Failed to create wallet\n    at signup (file:///home/lothbrok/Documents/projects/ticketing-system/server/controllers/user.js:71:13)\n    at process.processTicksAndRejections (node:internal/process/task_queues:95:5)"
}
2024-04-07 15:52:03 [error]: Signup error for email: ahmed.ehsan21@gmail.com Failed to create wallet {
  "stack": "Error: Failed to create wallet\n    at signup (file:///home/lothbrok/Documents/projects/ticketing-system/server/controllers/user.js:71:13)\n    at process.processTicksAndRejections (node:internal/process/task_queues:95:5)"
}
2024-04-07 15:53:22 [error]: Signup error for email: ahmed.ehsan21@gmail.com Failed to create wallet
2024-04-13 03:25:10 [error]: Get user details error for id: 66084075dffd27ad43914fde Expected property name or '}' in JSON at position 4
2024-04-14 03:01:20 [error]: request to http://localhost:7545/ failed, reason: connect ECONNREFUSED 127.0.0.1:7545
2024-04-14 03:01:45 [error]: request to http://localhost:7545/ failed, reason: connect ECONNREFUSED 127.0.0.1:7545
2024-04-16 09:26:02 [error]: redis is not defined
2024-04-16 09:29:26 [error]: redis is not defined
2024-04-16 12:58:20 [error]: Signin error for email: ahmed.ehsan23@gmail.com string is not defined
2024-04-17 09:30:02 [error]: Error Occured ---> connect ECONNREFUSED 172.17.0.1:27017
2024-04-17 10:19:09 [error]: request to http://localhost:7545/ failed, reason: connect ECONNREFUSED 127.0.0.1:7545
2024-04-17 10:19:09 [error]: Signup error for email: ahmed.ehsan26@gmail.com Failed to create wallet
2024-04-17 10:31:36 [error]: request to http://localhost:7545/ failed, reason: connect ECONNREFUSED 127.0.0.1:7545
2024-04-17 10:31:36 [error]: Signup error for email: ahmed.ehsan26@gmail.com Failed to create wallet
2024-04-17 10:31:39 [error]: request to http://localhost:7545/ failed, reason: connect ECONNREFUSED 127.0.0.1:7545
2024-04-17 10:31:39 [error]: Signup error for email: ahmed.ehsan26@gmail.com Failed to create wallet
2024-04-17 10:31:41 [error]: request to http://localhost:7545/ failed, reason: connect ECONNREFUSED 127.0.0.1:7545
2024-04-17 10:31:41 [error]: Signup error for email: ahmed.ehsan26@gmail.com Failed to create wallet
2024-04-17 10:33:39 [error]: error:0308010C:digital envelope routines::unsupported
2024-04-17 10:33:39 [error]: Signup error for email: ahmed.ehsan26@gmail.com Failed to create wallet
2024-04-17 10:33:58 [error]: error:0308010C:digital envelope routines::unsupported
2024-04-17 10:33:58 [error]: Signup error for email: ahmed.ehsan26@gmail.com Failed to create wallet
2024-04-17 10:34:23 [error]: error:0308010C:digital envelope routines::unsupported
2024-04-17 10:34:23 [error]: Signup error for email: ahmed.ehsan26@gmail.com Failed to create wallet
2024-04-17 10:34:25 [error]: error:0308010C:digital envelope routines::unsupported
2024-04-17 10:34:25 [error]: Signup error for email: ahmed.ehsan26@gmail.com Failed to create wallet
2024-04-17 10:34:44 [error]: error:0308010C:digital envelope routines::unsupported
2024-04-17 10:34:44 [error]: Signup error for email: ahmed.ehsan26@gmail.com Failed to create wallet
2024-04-17 10:34:52 [error]: error:0308010C:digital envelope routines::unsupported
2024-04-17 10:34:52 [error]: Signup error for email: ahmed.ehsan26@gmail.com Failed to create wallet
2024-04-17 10:34:52 [error]: error:0308010C:digital envelope routines::unsupported
2024-04-17 10:34:52 [error]: Signup error for email: ahmed.ehsan26@gmail.com Failed to create wallet
2024-04-17 10:34:53 [error]: error:0308010C:digital envelope routines::unsupported
2024-04-17 10:34:53 [error]: Signup error for email: ahmed.ehsan26@gmail.com Failed to create wallet
2024-04-17 10:34:53 [error]: error:0308010C:digital envelope routines::unsupported
2024-04-17 10:34:53 [error]: Signup error for email: ahmed.ehsan26@gmail.com Failed to create wallet
2024-04-17 10:34:53 [error]: error:0308010C:digital envelope routines::unsupported
2024-04-17 10:34:53 [error]: Signup error for email: ahmed.ehsan26@gmail.com Failed to create wallet
2024-04-17 10:34:53 [error]: error:0308010C:digital envelope routines::unsupported
2024-04-17 10:34:53 [error]: Signup error for email: ahmed.ehsan26@gmail.com Failed to create wallet
2024-04-18 08:26:58 [error]: error:0308010C:digital envelope routines::unsupported
2024-04-18 08:26:58 [error]: Signup error for email: ahmed.ehsan69@gmail.com Failed to create wallet
2024-04-18 08:27:00 [error]: error:0308010C:digital envelope routines::unsupported
2024-04-18 08:27:00 [error]: Signup error for email: ahmed.ehsan69@gmail.com Failed to create wallet
2024-04-18 09:48:48 [error]: error:0308010C:digital envelope routines::unsupported
2024-04-18 09:48:48 [error]: Signup error for email: ahmed.ehsan69@gmail.com Failed to create wallet
2024-04-18 09:49:03 [error]: error:0308010C:digital envelope routines::unsupported
2024-04-18 09:49:03 [error]: Signup error for email: ahmed.ehsan69@gmail.com Failed to create wallet
2024-04-18 09:51:12 [error]: error:0308010C:digital envelope routines::unsupported
2024-04-18 09:51:12 [error]: Signup error for email: ahmed.ehsan24@gmail.com Failed to create wallet
2024-04-18 11:06:06 [error]: data is not defined
2024-04-18 12:11:59 [error]: request to http://localhost:7545/ failed, reason: connect ECONNREFUSED 127.0.0.1:7545
2024-04-18 12:12:17 [error]: request to http://localhost:7545/ failed, reason: connect ECONNREFUSED 127.0.0.1:7545
2024-04-18 12:12:57 [error]: request to http://localhost:7545/ failed, reason: connect ECONNREFUSED 127.0.0.1:7545
2024-04-18 12:13:19 [error]: request to http://localhost:7545/ failed, reason: connect ECONNREFUSED 127.0.0.1:7545
2024-04-18 12:14:32 [error]: request to http://localhost:7545/ failed, reason: connect ECONNREFUSED 127.0.0.1:7545
2024-04-18 12:14:40 [error]: request to http://localhost:7545/ failed, reason: connect ECONNREFUSED 127.0.0.1:7545
2024-04-18 13:57:53 [error]: BSON field 'skip' value must be >= 0, actual value '-10'
2024-04-20 10:51:15 [error]: Signup error for email: ahmed.ehsan28@gmail.com Cannot set headers after they are sent to the client
2024-04-21 10:00:50 [error]: Web3 validator found 1 error[s]:
value ""661af3dbf6026761cb841b1a"" at "/0" must pass "address" validation
2024-04-21 10:01:59 [error]: Web3 validator found 1 error[s]:
value ""661af3dbf6026761cb841b1a"" at "/0" must pass "address" validation
2024-04-21 10:02:36 [error]: Web3 validator found 1 error[s]:
value ""661af3dbf6026761cb841b1a"" at "/0" must pass "address" validation
2024-04-21 10:03:55 [error]: Web3 validator found 1 error[s]:
value ""661af3dbf6026761cb841b1a"" at "/0" must pass "address" validation
2024-04-21 10:06:09 [error]: Error Occured ---> EIO: i/o error, write
2024-04-21 10:52:44 [error]: Web3 validator found 1 error[s]:
value ""661af3dbf6026761cb841b1a"" at "/0" must pass "address" validation
2024-04-21 10:54:34 [error]: Web3 validator found 1 error[s]:
value ""661af3dbf6026761cb841b1a"" at "/0" must pass "address" validation
2024-04-21 10:55:11 [error]: log is not defined
2024-04-21 10:55:39 [error]: Web3 validator found 1 error[s]:
value ""661af3dbf6026761cb841b1a"" at "/0" must pass "address" validation
2024-04-21 10:57:06 [error]: Web3 validator found 1 error[s]:
value ""661af3dbf6026761cb841b1a"" at "/0" must pass "address" validation
2024-04-21 10:59:51 [error]: Web3 validator found 1 error[s]:
value ""661af3dbf6026761cb841b1a"" at "/0" must pass "address" validation
2024-04-21 11:00:13 [error]: Web3 validator found 1 error[s]:
value ""661af3dbf6026761cb841b1a"" at "/0" must pass "address" validation
2024-04-21 11:03:12 [error]: Cast to ObjectId failed for value "0x3663540beCcBf44E17A40b5d05eD929EA3FF3C3b" (type string) at path "organizer" for model "Event"
2024-04-21 11:06:27 [error]: Cast to ObjectId failed for value "0x3663540beCcBf44E17A40b5d05eD929EA3FF3C3b" (type string) at path "organizer" for model "Event"
2024-04-21 11:06:45 [error]: Cast to ObjectId failed for value "0x3663540beCcBf44E17A40b5d05eD929EA3FF3C3b" (type string) at path "organizer" for model "Event"
2024-04-21 11:07:43 [error]: Cast to ObjectId failed for value "0x3663540beCcBf44E17A40b5d05eD929EA3FF3C3b" (type string) at path "organizer" for model "Event"
2024-04-21 11:08:35 [error]: Cast to ObjectId failed for value "0x3663540beCcBf44E17A40b5d05eD929EA3FF3C3b" (type string) at path "organizer" for model "Event"
2024-04-21 11:09:25 [error]: Cast to ObjectId failed for value "0x3663540beCcBf44E17A40b5d05eD929EA3FF3C3b" (type string) at path "organizer" for model "Event"
2024-04-21 11:10:56 [error]: Cast to ObjectId failed for value "0x3663540beCcBf44E17A40b5d05eD929EA3FF3C3b" (type string) at path "organizer" for model "Event"
2024-04-21 11:11:38 [error]: Cast to ObjectId failed for value "0x3663540beCcBf44E17A40b5d05eD929EA3FF3C3b" (type string) at path "organizer" for model "Event"
2024-04-21 11:12:31 [error]: Cast to ObjectId failed for value "0x3663540beCcBf44E17A40b5d05eD929EA3FF3C3b" (type string) at path "organizer" for model "Event"
2024-04-21 11:14:46 [error]: user is not defined
2024-04-21 11:17:31 [error]: Event validation failed: attendees.0: Cast to [ObjectId] failed for value "[ 'userId1', 'userId2' ]" (type string) at path "attendees.0" because of "CastError"
2024-04-21 11:20:55 [error]: Web3 validator found 1 error[s]:
value "af9dbfdd-9cb6-4d6d-97f5-543549dfb06a" at "/0" must pass "uint256" validation
2024-04-21 11:27:49 [error]: Returned error: Cannot wrap a "object" as a json-rpc type
2024-04-21 11:30:25 [error]: Returned error: Cannot wrap a "object" as a json-rpc type
2024-04-21 11:31:31 [error]: Returned error: Cannot wrap a "object" as a json-rpc type
2024-04-21 11:31:33 [error]: Returned error: Cannot wrap a "object" as a json-rpc type
2024-04-21 11:33:29 [error]: Returned error: Cannot wrap a "object" as a json-rpc type
2024-04-21 11:36:04 [error]: Returned error: Cannot wrap a "object" as a json-rpc type
2024-04-21 11:36:34 [error]: Returned error: Cannot wrap a "object" as a json-rpc type
2024-04-21 11:37:50 [error]: Returned error: Cannot wrap a "object" as a json-rpc type
2024-04-21 11:38:13 [error]: Returned error: Cannot wrap a "object" as a json-rpc type
2024-04-21 11:39:55 [error]: Returned error: Cannot wrap a "object" as a json-rpc type
2024-04-21 11:41:12 [error]: Returned error: Cannot wrap a "object" as a json-rpc type
2024-04-21 11:42:15 [error]: Error happened while trying to execute a function inside a smart contract
2024-04-21 11:43:25 [error]: gas is not defined
2024-04-21 11:44:08 [error]: Error happened while trying to execute a function inside a smart contract
2024-04-21 15:01:05 [error]: Error happened while trying to execute a function inside a smart contract
2024-04-21 15:02:42 [error]: Error happened while trying to execute a function inside a smart contract
2024-04-21 15:03:51 [error]: Invalid signature. "Signer Error Signer Error  gasLimit is too low. given 21000, need at least 22472."
2024-04-21 15:05:05 [error]: Error happened while trying to execute a function inside a smart contract
2024-04-21 15:06:37 [error]: Error happened while trying to execute a function inside a smart contract
2024-04-21 15:09:45 [error]: An error occurred while updating the event: Error happened while trying to execute a function inside a smart contract
2024-04-21 15:11:15 [error]: An error occurred while updating the event: Error happened while trying to execute a function inside a smart contract
2024-04-21 15:16:46 [error]: Error updating event Error happened while trying to execute a function inside a smart contract
2024-04-21 15:18:29 [error]: Error updating event Error happened while trying to execute a function inside a smart contract
2024-04-21 15:19:04 [error]: Error updating event Error happened while trying to execute a function inside a smart contract
2024-04-21 15:20:18 [error]: Error updating event Error happened while trying to execute a function inside a smart contract
2024-04-21 15:21:19 [error]: Error updating event Error happened while trying to execute a function inside a smart contract
2024-04-21 15:23:19 [error]: Error updating event Error happened while trying to execute a function inside a smart contract
2024-04-21 15:23:28 [error]: Error updating event Error happened while trying to execute a function inside a smart contract
2024-04-21 15:24:18 [error]: Error updating event Error happened while trying to execute a function inside a smart contract
2024-04-21 15:26:43 [error]: Error updating event Error happened while trying to execute a function inside a smart contract
2024-04-22 13:30:31 [error]: Error updating event Error happened while trying to execute a function inside a smart contract
2024-04-22 13:34:55 [error]: Error updating event dateTimestamp is not defined
2024-04-22 13:37:55 [error]: Error updating event web3 is not defined
2024-04-22 13:39:27 [error]: Error updating event in MongoDB: Cast to ObjectId failed for value "0x3663540beCcBf44E17A40b5d05eD929EA3FF3C3b" (type string) at path "organizer" because of "BSONError"
2024-04-22 13:47:46 [error]: Error updating event Cast to ObjectId failed for value "2" (type number) at path "_id" for model "User"
2024-04-22 13:48:04 [error]: Error updating event Cast to ObjectId failed for value "2" (type number) at path "_id" for model "User"
2024-04-22 13:51:56 [error]: Error updating event Cast to ObjectId failed for value "2" (type number) at path "_id" for model "User"
2024-04-22 13:54:03 [error]: Error updating event Cast to ObjectId failed for value "2" (type number) at path "_id" for model "User"
2024-04-22 13:54:07 [error]: Error updating event Cast to ObjectId failed for value "2" (type number) at path "_id" for model "User"
2024-04-22 13:55:30 [error]: Error updating event attendees is not defined
2024-04-22 13:55:41 [error]: Error updating event attendees is not defined
2024-04-22 13:57:15 [error]: Error happened while trying to execute a function inside a smart contract
2024-04-22 14:37:07 [error]: request to http://localhost:7545/ failed, reason: connect ECONNREFUSED 127.0.0.1:7545
2024-04-22 14:37:28 [error]: Event validation failed: image.0: Cast to [string] failed for value "[ {} ]" (type string) at path "image.0" because of "CastError"
2024-04-22 14:43:24 [error]: Web3 validator found 1 error[s]:
value at "/0" is required
2024-04-23 10:05:23 [error]: upload is not defined
2024-04-23 10:43:37 [error]: Cannot read properties of undefined (reading 'find')
2024-04-24 08:29:45 [error]: Error happened while trying to execute a function inside a smart contract
2024-04-24 08:33:41 [error]: Cannot set headers after they are sent to the client
2024-04-24 08:38:27 [error]: Error updating event populatedEvent is not defined
2024-04-24 08:39:33 [error]: Error updating event populatedEvent is not defined
2024-04-24 08:39:34 [error]: Error updating event populatedEvent is not defined
2024-04-24 08:39:46 [error]: Error updating event populatedEvent is not defined
2024-04-24 08:40:18 [error]: Error updating event populatedEvent is not defined
2024-04-24 08:41:02 [error]: Error updating event populatedEvent is not defined
2024-04-24 08:43:41 [error]: Error updating event populatedEvent is not defined
2024-04-24 08:43:57 [error]: Error updating event populatedEvent is not defined
2024-04-24 08:44:14 [error]: Error updating event populatedEvent is not defined
2024-04-24 08:45:03 [error]: Error updating event populatedEvent is not defined
2024-04-24 08:47:18 [error]: Error updating event populatedEvent is not defined
2024-04-24 08:47:19 [error]: Error updating event populatedEvent is not defined
2024-04-24 08:48:08 [error]: Error updating event populatedEvent is not defined
2024-04-24 08:49:52 [error]: Error updating event populatedEvent is not defined
2024-04-24 08:51:21 [error]: Error updating event populatedEvent is not defined
2024-04-24 08:52:16 [error]: Error updating event populatedEvent is not defined
2024-04-24 08:52:21 [error]: Error updating event populatedEvent is not defined
2024-04-24 08:53:51 [error]: Error updating event populatedEvent is not defined
2024-04-24 08:57:06 [error]: Error updating event populatedEvent is not defined
2024-04-24 08:57:55 [error]: Error updating event populatedEvent is not defined
2024-04-24 08:58:32 [error]: Error updating event populatedEvent is not defined
2024-04-24 10:01:54 [error]: Error updating event populatedEvent is not defined
2024-04-24 10:06:17 [error]: Error updating event populatedEvent is not defined
2024-04-24 10:08:22 [error]: Error updating event populatedEvent is not defined
2024-04-24 10:09:37 [error]: Error updating event populatedEvent is not defined
2024-04-24 10:12:27 [error]: Error updating event populatedEvent is not defined
2024-04-24 10:12:44 [error]: Error updating event populatedEvent is not defined
2024-04-24 10:13:11 [error]: Error updating event populatedEvent is not defined
2024-04-24 10:31:40 [error]: error:0308010C:digital envelope routines::unsupported
2024-04-24 10:31:40 [error]: Signup error for email: ahmed.ehsan25@gmail.com Failed to create wallet
2024-04-24 10:31:59 [error]: error:0308010C:digital envelope routines::unsupported
2024-04-24 10:31:59 [error]: Signup error for email: ahmed.ehsan25@gmail.com Failed to create wallet
2024-04-24 15:23:56 [error]: error:0308010C:digital envelope routines::unsupported
2024-04-24 15:23:56 [error]: Signup error for email: ahmed.ehsan26@gmail.com Failed to create wallet
2024-04-24 15:24:24 [error]: error:0308010C:digital envelope routines::unsupported
2024-04-24 15:24:24 [error]: Signup error for email: ahmed.ehsan26@gmail.com Failed to create wallet
2024-04-24 15:24:33 [error]: error:0308010C:digital envelope routines::unsupported
2024-04-24 15:24:33 [error]: Signup error for email: ahmed.ehsan27@gmail.com Failed to create wallet
2024-04-24 15:32:45 [error]: error:0308010C:digital envelope routines::unsupported
2024-04-24 15:32:45 [error]: Signup error for email: ahmed.ehsan31@gmail.com Failed to create wallet
2024-04-24 15:34:08 [error]: error:0308010C:digital envelope routines::unsupported
2024-04-24 15:34:08 [error]: Signup error for email: ahmed.ehsan31@gmail.com Failed to create wallet
2024-04-24 15:35:21 [error]: error:0308010C:digital envelope routines::unsupported
2024-04-24 15:35:21 [error]: Signup error for email: ahmed.ehsan31@gmail.com Failed to create wallet
2024-04-24 15:44:26 [error]: error:0308010C:digital envelope routines::unsupported
2024-04-24 15:44:26 [error]: Signup error for email: ahmed.ehsan31@gmail.com Failed to create wallet
2024-04-24 16:49:17 [error]: Signup error for email:  test@example2.com UserModel.create(...).populate is not a function
2024-04-24 16:53:26 [error]: Error Occured ---> connect ECONNREFUSED 172.17.0.1:27017
2024-04-24 18:03:53 [error]: Update user error for id: 6628e464493960c05d50d4ad result is not defined
2024-04-25 00:31:15 [error]: request to http://localhost:7545/ failed, reason: connect ECONNREFUSED 127.0.0.1:7545
2024-04-25 00:31:20 [error]: request to http://localhost:7545/ failed, reason: connect ECONNREFUSED 127.0.0.1:7545
2024-04-26 18:35:51 [error]: request to http://localhost:7545/ failed, reason: connect ECONNREFUSED 127.0.0.1:7545
2024-04-26 18:40:28 [error]: TicketContract is not defined
2024-04-26 18:40:44 [error]: TicketContract is not defined
2024-04-26 18:41:33 [error]: TicketContract is not defined
2024-04-26 18:41:48 [error]: contractAddress is not defined
2024-04-26 18:42:45 [error]: contractAddress is not defined
2024-04-30 19:07:08 [error]: Signin error for email:  test2@example.com option sameSite is invalid
2024-04-30 19:07:10 [error]: Signin error for email:  test2@example.com option sameSite is invalid
2024-04-30 19:07:10 [error]: Signin error for email:  test2@example.com option sameSite is invalid
2024-04-30 19:43:47 [error]: Organization validation failed: name: Path `name` is required., description: Path `description` is required., address: Path `address` is required., phoneNumber: Path `phoneNumber` is required., email: Path `email` is required.
2024-04-30 19:44:11 [error]: Organization validation failed: name: Path `name` is required., description: Path `description` is required., address: Path `address` is required., phoneNumber: Path `phoneNumber` is required., email: Path `email` is required.
2024-04-30 19:44:52 [error]: Organization validation failed: name: Path `name` is required., description: Path `description` is required., address: Path `address` is required., phoneNumber: Path `phoneNumber` is required., email: Path `email` is required.
2024-04-30 19:46:01 [error]: Organization validation failed: name: Path `name` is required., description: Path `description` is required., address: Path `address` is required., phoneNumber: Path `phoneNumber` is required., email: Path `email` is required.
2024-04-30 19:46:52 [error]: Organization validation failed: name: Path `name` is required., description: Path `description` is required., address: Path `address` is required., phoneNumber: Path `phoneNumber` is required., email: Path `email` is required.
2024-04-30 19:48:14 [error]: E11000 duplicate key error collection: Ticket-BC.organizations index: name_1 dup key: { name: "Test Organization" }
2024-04-30 19:51:53 [error]: E11000 duplicate key error collection: Ticket-BC.organizations index: name_1 dup key: { name: "Test Organization" }
2024-04-30 19:52:29 [error]: E11000 duplicate key error collection: Ticket-BC.organizations index: name_1 dup key: { name: "Test Organization" }
2024-04-30 19:53:11 [error]: E11000 duplicate key error collection: Ticket-BC.organizations index: name_1 dup key: { name: "Test Organization" }
2024-04-30 19:54:24 [error]: E11000 duplicate key error collection: Ticket-BC.organizations index: name_1 dup key: { name: "Test Organization" }
2024-04-30 20:31:58 [error]: Organization is not defined
2024-04-30 20:32:55 [error]: E11000 duplicate key error collection: Ticket-BC.organizations index: name_1 dup key: { name: "Test Organization" }
2024-04-30 20:33:50 [error]: _id is not defined
2024-04-30 20:36:03 [error]: Cast to ObjectId failed for value "{ _id: undefined }" (type Object) at path "_id" for model "Organization"
2024-04-30 20:53:24 [error]: type is not defined
2024-04-30 20:53:24 [error]: Signup error for email:  test2@example.com Failed to create wallet
2024-04-30 20:54:06 [error]: type is not defined
2024-04-30 20:54:06 [error]: Signup error for email:  test2@example.com Failed to create wallet
2024-04-30 20:55:01 [error]: id is not defined
2024-04-30 20:55:01 [error]: Signup error for email:  test2@example.com Failed to create wallet
2024-04-30 20:56:02 [error]: userId is not defined
2024-04-30 20:56:02 [error]: Signup error for email:  test2@example.com Failed to create wallet
2024-04-30 21:01:58 [error]: organizerUser is not defined
2024-04-30 21:08:54 [error]: Error updating event Cast to ObjectId failed for value "35" (type string) at path "_id" for model "Event"
2024-04-30 21:10:09 [error]: Error updating event Cast to ObjectId failed for value "35" (type string) at path "_id" for model "Event"
2024-04-30 21:10:55 [error]: Error updating event Cast to ObjectId failed for value "35" (type number) at path "_id" for model "Event"
2024-04-30 21:11:11 [error]: Error updating event Cast to ObjectId failed for value "35" (type string) at path "_id" for model "Event"
2024-04-30 21:11:30 [error]: Error updating event Cast to ObjectId failed for value "35" (type number) at path "_id" for model "Event"
2024-04-30 21:14:47 [error]: Error updating event Organizer is not defined
2024-04-30 21:17:07 [error]: Error deleting event in smart contract: decryptedPrivateKey is not defined
